<?xml version="1.0" encoding="UTF-8"?>
<!-- Generated by org.testng.reporters.JUnitReportReporter -->
<testsuite skipped="0" hostname="Suketa" name="com.test.app.first" tests="1" failures="0" timestamp="19 Mar 2019 11:08:40 GMT" time="0.015" errors="0">
  <testcase name="testtwo" time="0.015" classname="com.test.app.first"/>
</testsuite> <!-- com.test.app.first -->
