<?xml version="1.0" encoding="UTF-8"?>
<!-- Generated by org.testng.reporters.JUnitReportReporter -->
<testsuite hostname="Suketa" failures="0" tests="1" name="com.test.app.firstTest" time="0.004" errors="0" timestamp="29 Mar 2019 12:45:23 GMT">
  <testcase classname="com.test.app.firstTest" name="testtwo" time="0.004"/>
</testsuite> <!-- com.test.app.firstTest -->
