<?xml version="1.0" encoding="UTF-8"?>
<!-- Generated by org.testng.reporters.JUnitReportReporter -->
<testsuite hostname="Suketa" failures="0" tests="2" name="com.test.app.TestSecond" time="0.002" errors="0" timestamp="29 Mar 2019 12:45:22 GMT">
  <testcase classname="com.test.app.TestSecond" name="second" time="0.001"/>
  <testcase classname="com.test.app.TestSecond" name="newest" time="0.001"/>
</testsuite> <!-- com.test.app.TestSecond -->
